<?xml version="1.0" encoding="UTF-8"?>
<!-- Generated by org.testng.reporters.JUnitReportReporter -->
<testsuite hostname="Ashwin" name="Activities.Activity5" tests="1" failures="0" timestamp="4 Nov 2021 11:06:10 GMT" time="81.837" errors="0">
  <testcase name="addEmployee" time="81.837" classname="Activities.Activity5"/>
</testsuite> <!-- Activities.Activity5 -->
