<?xml version="1.0" encoding="UTF-8"?>
<!-- Generated by org.testng.reporters.JUnitReportReporter -->
<testsuite hostname="Ashwin" name="Activities.Activity4" tests="1" failures="0" timestamp="4 Nov 2021 11:06:10 GMT" time="24.680" errors="0">
  <testcase name="addEmployee" time="24.680" classname="Activities.Activity4"/>
</testsuite> <!-- Activities.Activity4 -->
