<?xml version="1.0" encoding="UTF-8"?>
<!-- Generated by org.testng.reporters.JUnitReportReporter -->
<testsuite hostname="Ashwin" name="Activities.Activity7" tests="1" failures="0" timestamp="4 Nov 2021 11:06:10 GMT" time="48.669" errors="0">
  <testcase name="updateQualification" time="48.669" classname="Activities.Activity7"/>
</testsuite> <!-- Activities.Activity7 -->
