<?xml version="1.0" encoding="UTF-8"?>
<!-- Generated by org.testng.reporters.JUnitReportReporter -->
<testsuite hostname="Ashwin" name="Activities.Activity6" tests="1" failures="0" timestamp="4 Nov 2021 11:06:10 GMT" time="23.764" errors="0">
  <testcase name="directoryMenuCheck" time="23.764" classname="Activities.Activity6"/>
</testsuite> <!-- Activities.Activity6 -->
