<?xml version="1.0" encoding="UTF-8"?>
<!-- Generated by org.testng.reporters.JUnitReportReporter -->
<testsuite hostname="Ashwin" name="Activities.Activity3" tests="1" failures="0" timestamp="4 Nov 2021 11:06:09 GMT" time="9.619" errors="0">
  <testcase name="callLogin" time="9.619" classname="Activities.Activity3"/>
</testsuite> <!-- Activities.Activity3 -->
