<?xml version="1.0" encoding="UTF-8"?>
<!-- Generated by org.testng.reporters.JUnitReportReporter -->
<testsuite hostname="Ashwin" name="Activities.Activity8" tests="1" failures="0" timestamp="4 Nov 2021 11:06:10 GMT" time="43.373" errors="0">
  <testcase name="applyLeave" time="43.373" classname="Activities.Activity8"/>
</testsuite> <!-- Activities.Activity8 -->
