<?xml version="1.0" encoding="UTF-8"?>
<!-- Generated by org.testng.reporters.JUnitReportReporter -->
<testsuite hostname="Ashwin" name="Activities.Activity2" tests="1" failures="0" timestamp="4 Nov 2021 11:06:10 GMT" time="11.109" errors="0">
  <testcase name="getHeaderUrl" time="11.109" classname="Activities.Activity2"/>
</testsuite> <!-- Activities.Activity2 -->
