<?xml version="1.0" encoding="UTF-8"?>
<!-- Generated by org.testng.reporters.JUnitReportReporter -->
<testsuite hostname="Ashwin" name="Activities.Activity9" tests="1" failures="0" timestamp="4 Nov 2021 11:06:10 GMT" time="44.656" errors="0">
  <testcase name="getEmergencyContacts" time="44.656" classname="Activities.Activity9"/>
</testsuite> <!-- Activities.Activity9 -->
