<?xml version="1.0" encoding="UTF-8"?>
<!-- Generated by org.testng.reporters.JUnitReportReporter -->
<testsuite hostname="Ashwin" name="Activities.Activity1" tests="1" failures="0" timestamp="4 Nov 2021 11:06:10 GMT" time="12.064" errors="0">
  <testcase name="getTitle" time="12.064" classname="Activities.Activity1"/>
</testsuite> <!-- Activities.Activity1 -->
