<?xml version="1.0" encoding="UTF-8"?>
<!-- Generated by org.testng.reporters.JUnitReportReporter -->
<testsuite hostname="Ashwin" name="examples.FirstProgram" tests="1" failures="0" timestamp="9 Nov 2021 04:33:36 GMT" time="3.844" errors="0">
  <testcase name="addition" time="3.844" classname="examples.FirstProgram"/>
</testsuite> <!-- examples.FirstProgram -->
