<?xml version="1.0" encoding="UTF-8"?>
<!-- Generated by org.testng.reporters.JUnitReportReporter -->
<testsuite hostname="Ashwin" name="Project.GoogleKeep" tests="1" failures="0" timestamp="10 Nov 2021 12:30:54 GMT" time="27.221" errors="0">
  <testcase name="createNote" time="27.221" classname="Project.GoogleKeep"/>
</testsuite> <!-- Project.GoogleKeep -->
