<?xml version="1.0" encoding="UTF-8"?>
<!-- Generated by org.testng.reporters.JUnitReportReporter -->
<testsuite hostname="Ashwin" name="Project.Goal3" tests="1" failures="0" timestamp="10 Nov 2021 16:45:09 GMT" time="33.366" errors="0">
  <testcase name="createNote" time="33.366" classname="Project.Goal3"/>
</testsuite> <!-- Project.Goal3 -->
