<?xml version="1.0" encoding="UTF-8"?>
<!-- Generated by org.testng.reporters.JUnitReportReporter -->
<testsuite hostname="Ashwin" name="Project.GoogleTask" tests="3" failures="0" timestamp="10 Nov 2021 04:13:21 GMT" time="26.136" errors="0">
  <testcase name="createTask" time="8.644" classname="Project.GoogleTask"/>
  <testcase name="createTask" time="6.698" classname="Project.GoogleTask"/>
  <testcase name="createTask" time="10.794" classname="Project.GoogleTask"/>
</testsuite> <!-- Project.GoogleTask -->
