<?xml version="1.0" encoding="UTF-8"?>
<!-- Generated by org.testng.reporters.JUnitReportReporter -->
<testsuite hostname="Ashwin" name="Activities.Activity1" tests="1" failures="0" timestamp="9 Nov 2021 04:42:38 GMT" time="17.962" errors="0">
  <testcase name="calc" time="17.962" classname="Activities.Activity1"/>
</testsuite> <!-- Activities.Activity1 -->
