<?xml version="1.0" encoding="UTF-8"?>
<!-- Generated by org.testng.reporters.JUnitReportReporter -->
<testsuite hostname="Ashwin" name="examples.whatsapp" tests="1" failures="0" timestamp="9 Nov 2021 16:42:33 GMT" time="12.509" errors="0">
  <testcase name="calc" time="12.509" classname="examples.whatsapp"/>
</testsuite> <!-- examples.whatsapp -->
