<?xml version="1.0" encoding="UTF-8"?>
<!-- Generated by org.testng.reporters.JUnitReportReporter -->
<testsuite hostname="Ashwin" name="examples.real" tests="1" failures="0" timestamp="9 Nov 2021 16:28:52 GMT" time="14.768" errors="0">
  <testcase name="calc" time="14.768" classname="examples.real"/>
</testsuite> <!-- examples.real -->
