<?xml version="1.0" encoding="UTF-8"?>
<!-- Generated by org.testng.reporters.JUnitReportReporter -->
<testsuite hostname="Ashwin" name="TNG.NewTest" tests="1" failures="0" timestamp="20 Oct 2021 03:25:55 GMT" time="0.027" errors="0">
  <testcase name="f" time="0.027" classname="TNG.NewTest"/>
</testsuite> <!-- TNG.NewTest -->
