<?xml version="1.0" encoding="UTF-8"?>
<!-- Generated by org.testng.reporters.JUnitReportReporter -->
<testsuite hostname="Ashwin" name="TestNG.Activity1" tests="1" failures="0" timestamp="20 Oct 2021 04:00:05 GMT" time="15.638" errors="0">
  <testcase name="exampletest" time="15.638" classname="TestNG.Activity1"/>
</testsuite> <!-- TestNG.Activity1 -->
